2025-04-15 11:13:34,720 ERROR [xxl-job, JobThread-4-1744686709532] c.s.j.s.StockRankingPullJobHandler [StockRankingPullJobHandler.java : 65] FASTJSON2.0.42error, offset 28, char h
com.alibaba.fastjson.JSONException: FASTJSON2.0.42error, offset 28, char h
	at com.alibaba.fastjson.JSON.parseObject(JSON.java:194)
	at com.stockmonitor.jobhandler.stock.StockRankingPullJobHandler.stockRankingJobHandler(StockRankingPullJobHandler.java:46)
	at sun.reflect.NativeMethodAccessorImpl.invoke0(Native Method)
	at sun.reflect.NativeMethodAccessorImpl.invoke(NativeMethodAccessorImpl.java:62)
	at sun.reflect.DelegatingMethodAccessorImpl.invoke(DelegatingMethodAccessorImpl.java:43)
	at java.lang.reflect.Method.invoke(Method.java:498)
	at com.xxl.job.core.handler.impl.MethodJobHandler.execute(MethodJobHandler.java:31)
	at com.xxl.job.core.thread.JobThread.run(JobThread.java:166)
Caused by: com.alibaba.fastjson2.JSONException: FASTJSON2.0.42error, offset 28, char h
	at com.alibaba.fastjson2.JSONReader.read(JSONReader.java:2187)
	at com.alibaba.fastjson.JSON.parseObject(JSON.java:185)
	... 7 common frames omitted
2025-04-15 11:25:41,224 ERROR [xxl-job, JobThread-4-1744687435533] c.s.j.s.StockRankingPullJobHandler [StockRankingPullJobHandler.java : 66] FASTJSON2.0.42error, offset 28, char h
com.alibaba.fastjson.JSONException: FASTJSON2.0.42error, offset 28, char h
	at com.alibaba.fastjson.JSON.parseObject(JSON.java:194)
	at com.stockmonitor.jobhandler.stock.StockRankingPullJobHandler.stockRankingJobHandler(StockRankingPullJobHandler.java:47)
	at sun.reflect.NativeMethodAccessorImpl.invoke0(Native Method)
	at sun.reflect.NativeMethodAccessorImpl.invoke(NativeMethodAccessorImpl.java:62)
	at sun.reflect.DelegatingMethodAccessorImpl.invoke(DelegatingMethodAccessorImpl.java:43)
	at java.lang.reflect.Method.invoke(Method.java:498)
	at com.xxl.job.core.handler.impl.MethodJobHandler.execute(MethodJobHandler.java:31)
	at com.xxl.job.core.thread.JobThread.run(JobThread.java:166)
Caused by: com.alibaba.fastjson2.JSONException: FASTJSON2.0.42error, offset 28, char h
	at com.alibaba.fastjson2.JSONReader.read(JSONReader.java:2187)
	at com.alibaba.fastjson.JSON.parseObject(JSON.java:185)
	... 7 common frames omitted
2025-04-15 11:38:18,601 ERROR [xxl-job, JobThread-4-1744688240744] c.s.j.s.StockRankingPullJobHandler [StockRankingPullJobHandler.java : 65] FASTJSON2.0.42error, offset 28, char h
com.alibaba.fastjson.JSONException: FASTJSON2.0.42error, offset 28, char h
	at com.alibaba.fastjson.JSON.parseObject(JSON.java:194)
	at com.stockmonitor.jobhandler.stock.StockRankingPullJobHandler.stockRankingJobHandler(StockRankingPullJobHandler.java:47)
	at sun.reflect.NativeMethodAccessorImpl.invoke0(Native Method)
	at sun.reflect.NativeMethodAccessorImpl.invoke(NativeMethodAccessorImpl.java:62)
	at sun.reflect.DelegatingMethodAccessorImpl.invoke(DelegatingMethodAccessorImpl.java:43)
	at java.lang.reflect.Method.invoke(Method.java:498)
	at com.xxl.job.core.handler.impl.MethodJobHandler.execute(MethodJobHandler.java:31)
	at com.xxl.job.core.thread.JobThread.run(JobThread.java:166)
Caused by: com.alibaba.fastjson2.JSONException: FASTJSON2.0.42error, offset 28, char h
	at com.alibaba.fastjson2.JSONReader.read(JSONReader.java:2187)
	at com.alibaba.fastjson.JSON.parseObject(JSON.java:185)
	... 7 common frames omitted
2025-04-15 11:41:30,130 ERROR [xxl-job, JobThread-4-1744688240744] c.s.service.stock.StockPullService [StockPullService.java : 142] 获取股票排行榜数据失败
java.io.FileNotFoundException: https://ap-guangzhou.cloudmarket-apigw.com/service-b40nqs3o/finance/a-shares-ranking?asc=0&market=hs_a&limit=100&page=1&sort=vlaue
	at sun.net.www.protocol.http.HttpURLConnection.getInputStream0(HttpURLConnection.java:1932)
	at sun.net.www.protocol.http.HttpURLConnection.getInputStream(HttpURLConnection.java:1534)
	at sun.net.www.protocol.https.HttpsURLConnectionImpl.getInputStream(HttpsURLConnectionImpl.java:268)
	at com.stockmonitor.service.stock.StockPullService.saveStockRanking(StockPullService.java:133)
	at com.stockmonitor.jobhandler.stock.StockRankingPullJobHandler.stockRankingJobHandler(StockRankingPullJobHandler.java:52)
	at sun.reflect.NativeMethodAccessorImpl.invoke0(Native Method)
	at sun.reflect.NativeMethodAccessorImpl.invoke(NativeMethodAccessorImpl.java:62)
	at sun.reflect.DelegatingMethodAccessorImpl.invoke(DelegatingMethodAccessorImpl.java:43)
	at java.lang.reflect.Method.invoke(Method.java:498)
	at com.xxl.job.core.handler.impl.MethodJobHandler.execute(MethodJobHandler.java:31)
	at com.xxl.job.core.thread.JobThread.run(JobThread.java:166)
